<?xml version="1.0" encoding="UTF-8"?>
<!-- Generated by org.testng.reporters.JUnitReportReporter -->
<testsuite hostname="DESKTOP-2GJOG4E" failures="0" tests="4" name="TESTNG.priority" time="87.223" errors="0" timestamp="2022-02-25T10:23:12 IST" skipped="0">
  <testcase classname="TESTNG.priority" name="BCD" time="23.248"/>
  <system-out/>
  <testcase classname="TESTNG.priority" name="ABC" time="23.291"/>
  <system-out/>
  <testcase classname="TESTNG.priority" name="ACB" time="19.770"/>
  <system-out/>
  <testcase classname="TESTNG.priority" name="BCA" time="20.914"/>
  <system-out/>
</testsuite> <!-- TESTNG.priority -->
