<?xml version="1.0" encoding="UTF-8"?>
<!-- Generated by org.testng.reporters.JUnitReportReporter -->
<testsuite hostname="DESKTOP-2GJOG4E" failures="0" tests="1" name="TESTNG.GetScreenShot" time="20.902" errors="0" timestamp="2022-02-25T19:10:16 IST" skipped="0">
  <testcase classname="TESTNG.GetScreenShot" name="login" time="20.902"/>
  <system-out/>
</testsuite> <!-- TESTNG.GetScreenShot -->
