<?xml version="1.0" encoding="UTF-8"?>
<!-- Generated by org.testng.reporters.JUnitReportReporter -->
<testsuite hostname="DESKTOP-2GJOG4E" failures="0" tests="1" name="TESTNG.Basic_demo" time="24.741" errors="0" timestamp="2022-02-23T17:43:36 IST" skipped="0">
  <testcase classname="TESTNG.Basic_demo" name="login" time="24.741"/>
  <system-out/>
</testsuite> <!-- TESTNG.Basic_demo -->
