<?xml version="1.0" encoding="UTF-8"?>
<!-- Generated by org.testng.reporters.JUnitReportReporter -->
<testsuite hostname="DESKTOP-2GJOG4E" failures="0" tests="1" name="TESTNG.PriorityEnabled" time="19.853" errors="0" timestamp="2022-02-26T06:43:19 IST" skipped="0">
  <testcase classname="TESTNG.PriorityEnabled" name="login" time="19.853"/>
  <system-out/>
</testsuite> <!-- TESTNG.PriorityEnabled -->
