<?xml version="1.0" encoding="UTF-8"?>
<!-- Generated by org.testng.reporters.JUnitReportReporter -->
<testsuite hostname="DESKTOP-2GJOG4E" failures="0" tests="1" name="TESTNG.Alphabet" time="23.351" errors="0" timestamp="2022-02-26T06:43:19 IST" skipped="0">
  <testcase classname="TESTNG.Alphabet" name="ABC" time="23.351"/>
  <system-out/>
</testsuite> <!-- TESTNG.Alphabet -->
