<?xml version="1.0" encoding="UTF-8"?>
<!-- Generated by org.testng.reporters.JUnitReportReporter -->
<testsuite hostname="DESKTOP-2GJOG4E" failures="0" tests="3" name="TESTNG.Number" time="63.585" errors="0" timestamp="2022-02-25T10:17:28 IST" skipped="0">
  <testcase classname="TESTNG.Number" name="login_two" time="20.635"/>
  <system-out/>
  <testcase classname="TESTNG.Number" name="login_three" time="19.863"/>
  <system-out/>
  <testcase classname="TESTNG.Number" name="login" time="23.087"/>
  <system-out/>
</testsuite> <!-- TESTNG.Number -->
